<?xml version="1.0" encoding="UTF-8"?>
<testsuite xmlns:xsi="http://www.w3.org/2001/XMLSchema-instance" xsi:noNamespaceSchemaLocation="https://maven.apache.org/surefire/maven-surefire-plugin/xsd/surefire-test-report-3.0.xsd" version="3.0" name="io.jaorm.cache.impl.LoadingCacheImplTest" time="0.017" tests="4" errors="0" skipped="0" failures="0">
  <properties>
[...]
</properties>
  <testcase name="should_return_optional_value" classname="io.jaorm.cache.impl.LoadingCacheImplTest" time="0.009"/>
  <testcase name="should_return_cached_argument" classname="io.jaorm.cache.impl.LoadingCacheImplTest" time="0.001"/>
  <testcase name="should_return_empty_optional" classname="io.jaorm.cache.impl.LoadingCacheImplTest" time="0.002"/>
  <testcase name="should_return_opt_value" classname="io.jaorm.cache.impl.LoadingCacheImplTest" time="0.001"/>
</testsuite>